Jupiter/leancloudchatkit/build/intermediates/manifest_merge_blame_file/debug/manifest-merger-blame-debug-report.txt
1<?xml version="1.0" encoding="utf-8"?>
2<manifest xmlns:android="http://schemas.android.com/apk/res/android"
3    package="cn.leancloud.chatkit"
4    android:versionCode="1"
5    android:versionName="1.0" >
6
7    <uses-sdk
8        android:minSdkVersion="14"
8-->src\main\AndroidManifest.xml
9        android:targetSdkVersion="26" />
9-->src\main\AndroidManifest.xml
10
11    <uses-permission android:name="android.permission.INTERNET" />
11-->src\main\AndroidManifest.xml:5:5-66
11-->src\main\AndroidManifest.xml:5:22-64
12    <uses-permission android:name="android.permission.WRITE_EXTERNAL_STORAGE" />
12-->src\main\AndroidManifest.xml:6:5-80
12-->src\main\AndroidManifest.xml:6:22-78
13    <uses-permission android:name="android.permission.ACCESS_NETWORK_STATE" />
13-->src\main\AndroidManifest.xml:7:5-78
13-->src\main\AndroidManifest.xml:7:22-76
14    <uses-permission android:name="android.permission.ACCESS_WIFI_STATE" />
14-->src\main\AndroidManifest.xml:8:5-75
14-->src\main\AndroidManifest.xml:8:22-73
15    <uses-permission android:name="android.permission.RECORD_AUDIO" />
15-->src\main\AndroidManifest.xml:9:5-70
15-->src\main\AndroidManifest.xml:9:22-68
16    <uses-permission android:name="android.permission.READ_PHONE_STATE" />
16-->src\main\AndroidManifest.xml:10:5-75
16-->src\main\AndroidManifest.xml:10:22-72
17    <uses-permission android:name="android.permission.RECEIVE_BOOT_COMPLETED" />
17-->src\main\AndroidManifest.xml:11:5-80
17-->src\main\AndroidManifest.xml:11:22-78
18    <uses-permission android:name="android.permission.VIBRATE" />
18-->src\main\AndroidManifest.xml:12:5-65
18-->src\main\AndroidManifest.xml:12:22-63
19
20    <uses-feature
20-->src\main\AndroidManifest.xml:14:5-16:34
21        android:name="android.hardware.camera"
21-->src\main\AndroidManifest.xml:15:9-47
22        android:required="true" />
22-->src\main\AndroidManifest.xml:16:9-32
23
24    <application>
24-->src\main\AndroidManifest.xml:18:5-58:19
25        <activity
25-->src\main\AndroidManifest.xml:19:9-27:20
26            android:name="cn.leancloud.chatkit.activity.LCIMConversationActivity"
26-->src\main\AndroidManifest.xml:20:13-62
27            android:launchMode="singleTask" >
27-->src\main\AndroidManifest.xml:21:13-44
28            <intent-filter>
28-->src\main\AndroidManifest.xml:22:13-26:29
29                <action android:name="cn.leancloud.chatkit.conversation_item_click_action" />
29-->src\main\AndroidManifest.xml:23:17-93
29-->src\main\AndroidManifest.xml:23:25-91
30
31                <category android:name="android.intent.category.DEFAULT" />
31-->src\main\AndroidManifest.xml:25:17-75
31-->src\main\AndroidManifest.xml:25:27-73
32            </intent-filter>
33        </activity>
34        <activity android:name="cn.leancloud.chatkit.activity.LCIMImageActivity" />
34-->src\main\AndroidManifest.xml:28:9-63
34-->src\main\AndroidManifest.xml:28:19-61
35        <activity android:name="cn.leancloud.chatkit.activity.LCIMConversationSettingActivity" >
35-->src\main\AndroidManifest.xml:29:9-30:20
35-->src\main\AndroidManifest.xml:29:19-75
36        </activity>
37
38        <receiver android:name="cn.leancloud.push.AVBroadcastReceiver" >
38-->src\main\AndroidManifest.xml:32:9-38:20
38-->src\main\AndroidManifest.xml:32:19-71
39            <intent-filter>
39-->src\main\AndroidManifest.xml:33:13-37:29
40                <action android:name="android.intent.action.BOOT_COMPLETED" />
40-->src\main\AndroidManifest.xml:34:17-78
40-->src\main\AndroidManifest.xml:34:25-76
41                <action android:name="android.intent.action.USER_PRESENT" />
41-->src\main\AndroidManifest.xml:35:17-76
41-->src\main\AndroidManifest.xml:35:25-74
42                <action android:name="android.net.conn.CONNECTIVITY_CHANGE" />
42-->src\main\AndroidManifest.xml:36:17-78
42-->src\main\AndroidManifest.xml:36:25-76
43            </intent-filter>
44        </receiver>
45
46        <provider
46-->src\main\AndroidManifest.xml:40:9-49:20
47            android:name="androidx.core.content.FileProvider"
47-->src\main\AndroidManifest.xml:41:13-62
48            android:authorities="${applicationId}.provider"
48-->src\main\AndroidManifest.xml:42:13-60
49            android:exported="false"
49-->src\main\AndroidManifest.xml:43:13-37
50            android:grantUriPermissions="true" >
50-->src\main\AndroidManifest.xml:44:13-47
51            <meta-data
51-->src\main\AndroidManifest.xml:45:13-48:25
52                android:name="android.support.FILE_PROVIDER_PATHS"
52-->src\main\AndroidManifest.xml:46:17-67
53                android:resource="@xml/file_paths" >
53-->src\main\AndroidManifest.xml:47:17-51
54            </meta-data>
55        </provider>
56
57        <activity android:name="cn.leancloud.chatkit.activity.LCIMConversationDetailActivity" >
57-->src\main\AndroidManifest.xml:51:9-52:20
57-->src\main\AndroidManifest.xml:51:19-74
58        </activity>
59        <activity android:name="cn.leancloud.chatkit.activity.LCIMUserSelectActivity" >
59-->src\main\AndroidManifest.xml:53:9-54:20
59-->src\main\AndroidManifest.xml:53:19-66
60        </activity>
61
62        <service android:name="cn.leancloud.push.PushService" />
62-->src\main\AndroidManifest.xml:56:9-64
62-->src\main\AndroidManifest.xml:56:18-62
63    </application>
64
65</manifest>